


          SolidWorks Corporation - STEP Processor Error Log
          ______________________________________________________

                       STEP Post Processor
                       ___________________


STEP File Name: F:\宁波莱布尼茨项目\Pythonocc-CAD\examples\assets\models\RC_Buggy_2_front_suspension.stp



Error: 不支持此实体类型。
STEP-in 无法成功完成

Error: 不支持此实体类型。
STEP-in 无法成功完成

Error: 不支持此实体类型。
STEP-in 无法成功完成

Error: 不支持此实体类型。
STEP-in 无法成功完成

Error: 不支持此实体类型。
STEP-in 无法成功完成

Error: 不支持此实体类型。
STEP-in 无法成功完成

Error: 不支持此实体类型。
STEP-in 无法成功完成

Error: 不支持此实体类型。
STEP-in 无法成功完成

Error: 不支持此实体类型。
STEP-in 无法成功完成

Error: 不支持此实体类型。
STEP-in 无法成功完成

Error: 不支持此实体类型。
STEP-in 无法成功完成

Error: 不支持此实体类型。
STEP-in 无法成功完成

Error: 不支持此实体类型。
STEP-in 无法成功完成

Error: 不支持此实体类型。
STEP-in 无法成功完成

Error: 不支持此实体类型。
STEP-in 无法成功完成

Error: 不支持此实体类型。
STEP-in 无法成功完成

Error: 不支持此实体类型。
STEP-in 无法成功完成

Error: 不支持此实体类型。
STEP-in 无法成功完成

Error: 不支持此实体类型。
STEP-in 无法成功完成

Error: 不支持此实体类型。
STEP-in 无法成功完成

Error: 不支持此实体类型。
STEP-in 无法成功完成

Error: 不支持此实体类型。
STEP-in 无法成功完成

Error: 不支持此实体类型。
STEP-in 无法成功完成

Error: 不支持此实体类型。
STEP-in 无法成功完成

Error: 不支持此实体类型。
STEP-in 无法成功完成

Error: 不支持此实体类型。
STEP-in 无法成功完成

Error: 不支持此实体类型。
STEP-in 无法成功完成

Error: 不支持此实体类型。
STEP-in 无法成功完成

Error: 不支持此实体类型。
STEP-in 无法成功完成

Error: 不支持此实体类型。
STEP-in 无法成功完成

Error: 不支持此实体类型。
STEP-in 无法成功完成

Error: 不支持此实体类型。
STEP-in 无法成功完成

Error: 不支持此实体类型。
STEP-in 无法成功完成

Error: 不支持此实体类型。
STEP-in 无法成功完成

Error: 不支持此实体类型。
STEP-in 无法成功完成

Error: 不支持此实体类型。
STEP-in 无法成功完成

Error: 不支持此实体类型。
STEP-in 无法成功完成

Error: 不支持此实体类型。
STEP-in 无法成功完成

Error: 不支持此实体类型。
STEP-in 无法成功完成

Error: 不支持此实体类型。
STEP-in 无法成功完成

Error: 不支持此实体类型。
STEP-in 无法成功完成

Error: 不支持此实体类型。
STEP-in 无法成功完成

Error: 不支持此实体类型。
STEP-in 无法成功完成

Error: 不支持此实体类型。
STEP-in 无法成功完成

Error: 不支持此实体类型。
STEP-in 无法成功完成

Error: 不支持此实体类型。
STEP-in 无法成功完成

Error: 不支持此实体类型。
STEP-in 无法成功完成

Error: 不支持此实体类型。
STEP-in 无法成功完成

Error: 不支持此实体类型。
STEP-in 无法成功完成

Error: 不支持此实体类型。
STEP-in 无法成功完成

Error: 不支持此实体类型。
STEP-in 无法成功完成

Error: 不支持此实体类型。
STEP-in 无法成功完成

Error: 不支持此实体类型。
STEP-in 无法成功完成

Error: 不支持此实体类型。
STEP-in 无法成功完成

Error: 不支持此实体类型。
STEP-in 无法成功完成

Error: 不支持此实体类型。
STEP-in 无法成功完成

Error: 不支持此实体类型。
STEP-in 无法成功完成

Error: 不支持此实体类型。
STEP-in 无法成功完成

Error: 不支持此实体类型。
STEP-in 无法成功完成

Error: 不支持此实体类型。
STEP-in 无法成功完成

Error: 不支持此实体类型。
STEP-in 无法成功完成

Error: 不支持此实体类型。
STEP-in 无法成功完成

Error: 不支持此实体类型。
STEP-in 无法成功完成

Error: 不支持此实体类型。
STEP-in 无法成功完成

Error: 不支持此实体类型。
STEP-in 无法成功完成

Error: 不支持此实体类型。
STEP-in 无法成功完成

Error: 不支持此实体类型。
STEP-in 无法成功完成

Error: 不支持此实体类型。
STEP-in 无法成功完成

Error: 不支持此实体类型。
STEP-in 无法成功完成

Error: 不支持此实体类型。
STEP-in 无法成功完成

Error: 不支持此实体类型。
STEP-in 无法成功完成

Error: 不支持此实体类型。
STEP-in 无法成功完成

Error: 不支持此实体类型。
STEP-in 无法成功完成

Error: 不支持此实体类型。
STEP-in 无法成功完成

Error: 不支持此实体类型。
STEP-in 无法成功完成

Error: 不支持此实体类型。
STEP-in 无法成功完成

Error: 不支持此实体类型。
STEP-in 无法成功完成

Error: 不支持此实体类型。
STEP-in 无法成功完成

Error: 不支持此实体类型。
STEP-in 无法成功完成

Error: 不支持此实体类型。
STEP-in 无法成功完成

Error: 不支持此实体类型。
STEP-in 无法成功完成

Error: 不支持此实体类型。
STEP-in 无法成功完成

Error: 不支持此实体类型。
STEP-in 无法成功完成

Error: 不支持此实体类型。
STEP-in 无法成功完成

Error: 不支持此实体类型。
STEP-in 无法成功完成

Error: 不支持此实体类型。
STEP-in 无法成功完成

Error: 不支持此实体类型。
STEP-in 无法成功完成

Error: 不支持此实体类型。
STEP-in 无法成功完成

Error: 不支持此实体类型。
STEP-in 无法成功完成

Error: 不支持此实体类型。
STEP-in 无法成功完成

Error: 不支持此实体类型。
STEP-in 无法成功完成

Error: 不支持此实体类型。
STEP-in 无法成功完成

Error: 不支持此实体类型。
STEP-in 无法成功完成

Error: 不支持此实体类型。
STEP-in 无法成功完成

Error: 不支持此实体类型。
STEP-in 无法成功完成

Error: 不支持此实体类型。
STEP-in 无法成功完成

Error: 不支持此实体类型。
STEP-in 无法成功完成

Error: 不支持此实体类型。
STEP-in 无法成功完成

Error: 不支持此实体类型。
STEP-in 无法成功完成

Error: 不支持此实体类型。
STEP-in 无法成功完成

Error: 不支持此实体类型。
STEP-in 无法成功完成

Error: 不支持此实体类型。
STEP-in 无法成功完成

Error: 不支持此实体类型。
STEP-in 无法成功完成

Error: 不支持此实体类型。
STEP-in 无法成功完成

Error: 不支持此实体类型。
STEP-in 无法成功完成

Error: 不支持此实体类型。
STEP-in 无法成功完成

Error: 不支持此实体类型。
STEP-in 无法成功完成

Error: 不支持此实体类型。
STEP-in 无法成功完成

Error: 不支持此实体类型。
STEP-in 无法成功完成

Error: 不支持此实体类型。
STEP-in 无法成功完成

Error: 不支持此实体类型。
STEP-in 无法成功完成

Error: 不支持此实体类型。
STEP-in 无法成功完成

Error: 不支持此实体类型。
STEP-in 无法成功完成

Error: 不支持此实体类型。
STEP-in 无法成功完成

Error: 不支持此实体类型。
STEP-in 无法成功完成

Error: 不支持此实体类型。
STEP-in 无法成功完成

Error: 不支持此实体类型。
STEP-in 无法成功完成

Error: 不支持此实体类型。
STEP-in 无法成功完成

Error: 不支持此实体类型。
STEP-in 无法成功完成

Error: 不支持此实体类型。
STEP-in 无法成功完成

Error: 不支持此实体类型。
STEP-in 无法成功完成

Error: 不支持此实体类型。
STEP-in 无法成功完成

Error: 不支持此实体类型。
STEP-in 无法成功完成

Error: 不支持此实体类型。
STEP-in 无法成功完成

Error: 不支持此实体类型。
STEP-in 无法成功完成

Error: 不支持此实体类型。
STEP-in 无法成功完成

Error: 不支持此实体类型。
STEP-in 无法成功完成

Error: 不支持此实体类型。
STEP-in 无法成功完成

Error: 不支持此实体类型。
STEP-in 无法成功完成

Error: 不支持此实体类型。
STEP-in 无法成功完成

Error: 不支持此实体类型。
STEP-in 无法成功完成

Error: 不支持此实体类型。
STEP-in 无法成功完成

Error: 不支持此实体类型。
STEP-in 无法成功完成

Error: 不支持此实体类型。
STEP-in 无法成功完成

Error: 不支持此实体类型。
STEP-in 无法成功完成

Error: 不支持此实体类型。
STEP-in 无法成功完成

Error: 不支持此实体类型。
STEP-in 无法成功完成

Error: 不支持此实体类型。
STEP-in 无法成功完成

Error: 不支持此实体类型。
STEP-in 无法成功完成

Error: 不支持此实体类型。
STEP-in 无法成功完成

Error: 不支持此实体类型。
STEP-in 无法成功完成

Error: 不支持此实体类型。
STEP-in 无法成功完成

Error: 不支持此实体类型。
STEP-in 无法成功完成

Error: 不支持此实体类型。
STEP-in 无法成功完成

Error: 不支持此实体类型。
STEP-in 无法成功完成

Error: 不支持此实体类型。
STEP-in 无法成功完成

Error: 不支持此实体类型。
STEP-in 无法成功完成

Error: 不支持此实体类型。
STEP-in 无法成功完成

Error: 不支持此实体类型。
STEP-in 无法成功完成

Error: 不支持此实体类型。
STEP-in 无法成功完成

Error: 不支持此实体类型。
STEP-in 无法成功完成

Error: 不支持此实体类型。
STEP-in 无法成功完成

Error: 不支持此实体类型。
STEP-in 无法成功完成

Error: 不支持此实体类型。
STEP-in 无法成功完成

Error: 不支持此实体类型。
STEP-in 无法成功完成

Error: 不支持此实体类型。
STEP-in 无法成功完成

Error: 不支持此实体类型。
STEP-in 无法成功完成

Error: 不支持此实体类型。
STEP-in 无法成功完成

Error: 不支持此实体类型。
STEP-in 无法成功完成

Error: 不支持此实体类型。
STEP-in 无法成功完成

Error: 不支持此实体类型。
STEP-in 无法成功完成

Error: 不支持此实体类型。
STEP-in 无法成功完成

Error: 不支持此实体类型。
STEP-in 无法成功完成

Error: 不支持此实体类型。
STEP-in 无法成功完成

Error: 不支持此实体类型。
STEP-in 无法成功完成

Error: 不支持此实体类型。
STEP-in 无法成功完成

Error: 不支持此实体类型。
STEP-in 无法成功完成

Error: 不支持此实体类型。
STEP-in 无法成功完成

Error: 不支持此实体类型。
STEP-in 无法成功完成

Error: 不支持此实体类型。
STEP-in 无法成功完成

Error: 不支持此实体类型。
STEP-in 无法成功完成

Error: 不支持此实体类型。
STEP-in 无法成功完成

Error: 不支持此实体类型。
STEP-in 无法成功完成

Error: 不支持此实体类型。
STEP-in 无法成功完成

Error: 不支持此实体类型。
STEP-in 无法成功完成

Error: 不支持此实体类型。
STEP-in 无法成功完成

Error: 不支持此实体类型。
STEP-in 无法成功完成

Error: 不支持此实体类型。
STEP-in 无法成功完成

Error: 不支持此实体类型。
STEP-in 无法成功完成

Error: 不支持此实体类型。
STEP-in 无法成功完成

Error: 不支持此实体类型。
STEP-in 无法成功完成

Error: 不支持此实体类型。
STEP-in 无法成功完成
曲面已成功地形成实体。
STEP-in 完成曲面已成功地形成实体。
STEP-in 完成曲面已成功地形成实体。
STEP-in 完成曲面已成功地形成实体。
STEP-in 完成曲面已成功地形成实体。
STEP-in 完成曲面已成功地形成实体。
STEP-in 完成曲面已成功地形成实体。
STEP-in 完成曲面已成功地形成实体。
STEP-in 完成曲面已成功地形成实体。
STEP-in 完成曲面已成功地形成实体。
STEP-in 完成曲面已成功地形成实体。
STEP-in 完成曲面已成功地形成实体。
STEP-in 完成曲面已成功地形成实体。
STEP-in 完成曲面已成功地形成实体。
STEP-in 完成曲面已成功地形成实体。
STEP-in 完成曲面已成功地形成实体。
STEP-in 完成曲面已成功地形成实体。
STEP-in 完成曲面已成功地形成实体。
STEP-in 完成曲面已成功地形成实体。
STEP-in 完成曲面已成功地形成实体。
STEP-in 完成#48931: Ring edge, vertex snapped onto curve
#48932: Ring edge, vertex snapped onto curve
#48933: Ring edge, vertex snapped onto curve
#48931: Ring edge, vertex snapped onto curve
#48934: Ring edge, vertex snapped onto curve
#48932: Ring edge, vertex snapped onto curve
#48933: Ring edge, vertex snapped onto curve
#48934: Ring edge, vertex snapped onto curve
曲面已成功地形成实体。
STEP-in 完成曲面已成功地形成实体。
STEP-in 完成曲面已成功地形成实体。
STEP-in 完成曲面已成功地形成实体。
STEP-in 完成曲面已成功地形成实体。
STEP-in 完成曲面已成功地形成实体。
STEP-in 完成曲面已成功地形成实体。
STEP-in 完成曲面已成功地形成实体。
STEP-in 完成曲面已成功地形成实体。
STEP-in 完成曲面已成功地形成实体。
STEP-in 完成曲面已成功地形成实体。
STEP-in 完成警告: Surface problem...警告: Surface problem...曲面已成功地形成实体。
STEP-in 完成
Error: 无法从剪裁的曲面生成实体。
STEP-in 无法成功完成
曲面已成功地形成实体。
STEP-in 完成曲面已成功地形成实体。
STEP-in 完成
Error: 无法从剪裁的曲面生成实体。
STEP-in 无法成功完成
曲面已成功地形成实体。
STEP-in 完成曲面已成功地形成实体。
STEP-in 完成曲面已成功地形成实体。
STEP-in 完成曲面已成功地形成实体。
STEP-in 完成
Error: 无法从剪裁的曲面生成实体。
STEP-in 无法成功完成
曲面已成功地形成实体。
STEP-in 完成曲面已成功地形成实体。
STEP-in 完成曲面已成功地形成实体。
STEP-in 完成曲面已成功地形成实体。
STEP-in 完成曲面已成功地形成实体。
STEP-in 完成曲面已成功地形成实体。
STEP-in 完成曲面已成功地形成实体。
STEP-in 完成曲面已成功地形成实体。
STEP-in 完成曲面已成功地形成实体。
STEP-in 完成曲面已成功地形成实体。
STEP-in 完成曲面已成功地形成实体。
STEP-in 完成曲面已成功地形成实体。
STEP-in 完成曲面已成功地形成实体。
STEP-in 完成曲面已成功地形成实体。
STEP-in 完成曲面已成功地形成实体。
STEP-in 完成曲面已成功地形成实体。
STEP-in 完成曲面已成功地形成实体。
STEP-in 完成曲面已成功地形成实体。
STEP-in 完成曲面已成功地形成实体。
STEP-in 完成曲面已成功地形成实体。
STEP-in 完成曲面已成功地形成实体。
STEP-in 完成曲面已成功地形成实体。
STEP-in 完成曲面已成功地形成实体。
STEP-in 完成曲面已成功地形成实体。
STEP-in 完成曲面已成功地形成实体。
STEP-in 完成曲面已成功地形成实体。
STEP-in 完成#54505: Ring edge, vertex snapped onto curve
#54506: Ring edge, vertex snapped onto curve
#54508: Ring edge, vertex snapped onto curve
#54506: Ring edge, vertex snapped onto curve
#54505: Ring edge, vertex snapped onto curve
#54512: Ring edge, vertex snapped onto curve
#54508: Ring edge, vertex snapped onto curve
#54512: Ring edge, vertex snapped onto curve
曲面已成功地形成实体。
STEP-in 完成警告: Surface problem...曲面已成功地形成实体。
STEP-in 完成
Error: 无法从剪裁的曲面生成实体。
STEP-in 无法成功完成
曲面已成功地形成实体。
STEP-in 完成曲面已成功地形成实体。
STEP-in 完成曲面已成功地形成实体。
STEP-in 完成曲面已成功地形成实体。
STEP-in 完成曲面已成功地形成实体。
STEP-in 完成曲面已成功地形成实体。
STEP-in 完成曲面已成功地形成实体。
STEP-in 完成#54836: Ring edge, vertex snapped onto curve
#54837: Ring edge, vertex snapped onto curve
#54838: Ring edge, vertex snapped onto curve
#54836: Ring edge, vertex snapped onto curve
#54840: Ring edge, vertex snapped onto curve
#54841: Ring edge, vertex snapped onto curve
#54842: Ring edge, vertex snapped onto curve
#54844: Ring edge, vertex snapped onto curve
#54845: Ring edge, vertex snapped onto curve
#54837: Ring edge, vertex snapped onto curve
#54838: Ring edge, vertex snapped onto curve
#54847: Ring edge, vertex snapped onto curve
#54849: Ring edge, vertex snapped onto curve
#54850: Ring edge, vertex snapped onto curve
#54851: Ring edge, vertex snapped onto curve
#54853: Ring edge, vertex snapped onto curve
#54854: Ring edge, vertex snapped onto curve
#54847: Ring edge, vertex snapped onto curve
#54856: Ring edge, vertex snapped onto curve
#54840: Ring edge, vertex snapped onto curve
#54857: Ring edge, vertex snapped onto curve
#54856: Ring edge, vertex snapped onto curve
#54857: Ring edge, vertex snapped onto curve
#54849: Ring edge, vertex snapped onto curve
#54860: Ring edge, vertex snapped onto curve
#54845: Ring edge, vertex snapped onto curve
#54861: Ring edge, vertex snapped onto curve
#54860: Ring edge, vertex snapped onto curve
#54861: Ring edge, vertex snapped onto curve
#54854: Ring edge, vertex snapped onto curve
#54864: Ring edge, vertex snapped onto curve
#54850: Ring edge, vertex snapped onto curve
#54865: Ring edge, vertex snapped onto curve
#54864: Ring edge, vertex snapped onto curve
#54865: Ring edge, vertex snapped onto curve
#54841: Ring edge, vertex snapped onto curve
#54868: Ring edge, vertex snapped onto curve
#54853: Ring edge, vertex snapped onto curve
#54869: Ring edge, vertex snapped onto curve
#54868: Ring edge, vertex snapped onto curve
#54871: Ring edge, vertex snapped onto curve
#54851: Ring edge, vertex snapped onto curve
#54872: Ring edge, vertex snapped onto curve
#54871: Ring edge, vertex snapped onto curve
#54869: Ring edge, vertex snapped onto curve
#54844: Ring edge, vertex snapped onto curve
#54872: Ring edge, vertex snapped onto curve
#54842: Ring edge, vertex snapped onto curve
曲面已成功地形成实体。
STEP-in 完成曲面已成功地形成实体。
STEP-in 完成曲面已成功地形成实体。
STEP-in 完成
Error: 无法从剪裁的曲面生成实体。
STEP-in 无法成功完成
曲面已成功地形成实体。
STEP-in 完成
Error: 无法从剪裁的曲面生成实体。
STEP-in 无法成功完成
曲面已成功地形成实体。
STEP-in 完成曲面已成功地形成实体。
STEP-in 完成曲面已成功地形成实体。
STEP-in 完成曲面已成功地形成实体。
STEP-in 完成曲面已成功地形成实体。
STEP-in 完成曲面已成功地形成实体。
STEP-in 完成#56558: Ring edge, vertex snapped onto curve
#56559: Ring edge, vertex snapped onto curve
#56558: Ring edge, vertex snapped onto curve
#56559: Ring edge, vertex snapped onto curve
曲面已成功地形成实体。
STEP-in 完成曲面已成功地形成实体。
STEP-in 完成曲面已成功地形成实体。
STEP-in 完成曲面已成功地形成实体。
STEP-in 完成曲面已成功地形成实体。
STEP-in 完成#56951: Ring edge, vertex snapped onto curve
#56953: Ring edge, vertex snapped onto curve
#56951: Ring edge, vertex snapped onto curve
#56953: Ring edge, vertex snapped onto curve
曲面已成功地形成实体。
STEP-in 完成曲面已成功地形成实体。
STEP-in 完成曲面已成功地形成实体。
STEP-in 完成#56990: Ring edge, vertex snapped onto curve
#56991: Ring edge, vertex snapped onto curve
#56994: Ring edge, vertex snapped onto curve
#56991: Ring edge, vertex snapped onto curve
#56990: Ring edge, vertex snapped onto curve
#57002: Ring edge, vertex snapped onto curve
#56994: Ring edge, vertex snapped onto curve
#57002: Ring edge, vertex snapped onto curve
曲面已成功地形成实体。
STEP-in 完成曲面已成功地形成实体。
STEP-in 完成曲面已成功地形成实体。
STEP-in 完成曲面已成功地形成实体。
STEP-in 完成