


          SolidWorks Corporation - STEP Processor Error Log
          ______________________________________________________

                       STEP Post Processor
                       ___________________


STEP File Name: F:\宁波莱布尼茨项目\Pythonocc-CAD\examples\assets\models\72.step



Error: 不支持此实体类型。
STEP-in 无法成功完成

Error: 不支持此实体类型。
STEP-in 无法成功完成
曲面已成功地形成实体。
STEP-in 完成曲面已成功地形成实体。
STEP-in 完成曲面已成功地形成实体。
STEP-in 完成曲面已成功地形成实体。
STEP-in 完成曲面已成功地形成实体。
STEP-in 完成曲面已成功地形成实体。
STEP-in 完成曲面已成功地形成实体。
STEP-in 完成曲面已成功地形成实体。
STEP-in 完成曲面已成功地形成实体。
STEP-in 完成曲面已成功地形成实体。
STEP-in 完成曲面已成功地形成实体。
STEP-in 完成XLTR: Circuit sanity failure
曲面已成功地形成实体。
STEP-in 完成曲面已成功地形成实体。
STEP-in 完成曲面已成功地形成实体。
STEP-in 完成XLTR: Circuit sanity failure
曲面已成功地形成实体。
STEP-in 完成XLTR: Circuit sanity failure
曲面已成功地形成实体。
STEP-in 完成XLTR: Circuit sanity failure
曲面已成功地形成实体。
STEP-in 完成XLTR: Circuit sanity failure
曲面已成功地形成实体。
STEP-in 完成XLTR: Circuit sanity failure
曲面已成功地形成实体。
STEP-in 完成XLTR: Circuit sanity failure
曲面已成功地形成实体。
STEP-in 完成XLTR: Circuit sanity failure
曲面已成功地形成实体。
STEP-in 完成XLTR: Circuit sanity failure
曲面已成功地形成实体。
STEP-in 完成XLTR: Circuit sanity failure
曲面已成功地形成实体。
STEP-in 完成曲面已成功地形成实体。
STEP-in 完成曲面已成功地形成实体。
STEP-in 完成曲面已成功地形成实体。
STEP-in 完成曲面已成功地形成实体。
STEP-in 完成曲面已成功地形成实体。
STEP-in 完成曲面已成功地形成实体。
STEP-in 完成曲面已成功地形成实体。
STEP-in 完成曲面已成功地形成实体。
STEP-in 完成曲面已成功地形成实体。
STEP-in 完成曲面已成功地形成实体。
STEP-in 完成曲面已成功地形成实体。
STEP-in 完成曲面已成功地形成实体。
STEP-in 完成曲面已成功地形成实体。
STEP-in 完成曲面已成功地形成实体。
STEP-in 完成曲面已成功地形成实体。
STEP-in 完成曲面已成功地形成实体。
STEP-in 完成曲面已成功地形成实体。
STEP-in 完成曲面已成功地形成实体。
STEP-in 完成曲面已成功地形成实体。
STEP-in 完成曲面已成功地形成实体。
STEP-in 完成曲面已成功地形成实体。
STEP-in 完成XLTR: Circuit sanity failure
曲面已成功地形成实体。
STEP-in 完成曲面已成功地形成实体。
STEP-in 完成XLTR: Circuit sanity failure
XLTR: Circuit sanity failure
曲面已成功地形成实体。
STEP-in 完成曲面已成功地形成实体。
STEP-in 完成曲面已成功地形成实体。
STEP-in 完成
Error: 无法从剪裁的曲面生成实体。
STEP-in 无法成功完成
曲面已成功地形成实体。
STEP-in 完成曲面已成功地形成实体。
STEP-in 完成曲面已成功地形成实体。
STEP-in 完成曲面已成功地形成实体。
STEP-in 完成曲面已成功地形成实体。
STEP-in 完成曲面已成功地形成实体。
STEP-in 完成曲面已成功地形成实体。
STEP-in 完成曲面已成功地形成实体。
STEP-in 完成XLTR: Circuit sanity failure
XLTR: Circuit sanity failure
曲面已成功地形成实体。
STEP-in 完成XLTR: Circuit sanity failure
XLTR: Circuit sanity failure
XLTR: Circuit sanity failure
XLTR: Circuit sanity failure
曲面已成功地形成实体。
STEP-in 完成XLTR: Circuit sanity failure
曲面已成功地形成实体。
STEP-in 完成XLTR: Circuit sanity failure
曲面已成功地形成实体。
STEP-in 完成XLTR: Circuit sanity failure
曲面已成功地形成实体。
STEP-in 完成XLTR: Circuit sanity failure
曲面已成功地形成实体。
STEP-in 完成XLTR: Circuit sanity failure
XLTR: Circuit sanity failure
曲面已成功地形成实体。
STEP-in 完成警告: Surface problem...剪裁曲面构造器无法生成出解决方式。
警告: Surface problem...剪裁曲面构造器无法生成出解决方式。
警告: Surface problem...剪裁曲面构造器无法生成出解决方式。
曲面已成功地形成实体。
STEP-in 完成
Error: 无法从剪裁的曲面生成实体。
STEP-in 无法成功完成
曲面已成功地形成实体。
STEP-in 完成曲面已成功地形成实体。
STEP-in 完成曲面已成功地形成实体。
STEP-in 完成曲面已成功地形成实体。
STEP-in 完成曲面已成功地形成实体。
STEP-in 完成XLTR: Circuit sanity failure
XLTR: Circuit sanity failure
XLTR: Circuit sanity failure
XLTR: Circuit sanity failure
XLTR: Circuit sanity failure
XLTR: Circuit sanity failure
XLTR: Circuit sanity failure
XLTR: Circuit sanity failure
XLTR: Circuit sanity failure
XLTR: Circuit sanity failure
XLTR: Circuit sanity failure
XLTR: Circuit sanity failure
曲面已成功地形成实体。
STEP-in 完成曲面已成功地形成实体。
STEP-in 完成曲面已成功地形成实体。
STEP-in 完成曲面已成功地形成实体。
STEP-in 完成曲面已成功地形成实体。
STEP-in 完成曲面已成功地形成实体。
STEP-in 完成