


          SolidWorks Corporation - STEP Processor Error Log
          ______________________________________________________

                       STEP Post Processor
                       ___________________


STEP File Name: D:\text5\立现科技\3Dsource\examples\assets\models\as1-oc-214.stp



Error: 不支持此实体类型。
STEP-in 无法成功完成

Error: 不支持此实体类型。
STEP-in 无法成功完成

Error: 不支持此实体类型。
STEP-in 无法成功完成

Error: 不支持此实体类型。
STEP-in 无法成功完成

Error: 不支持此实体类型。
STEP-in 无法成功完成

Error: 不支持此实体类型。
STEP-in 无法成功完成

Error: 不支持此实体类型。
STEP-in 无法成功完成

Error: 不支持此实体类型。
STEP-in 无法成功完成

Error: 不支持此实体类型。
STEP-in 无法成功完成

Error: 不支持此实体类型。
STEP-in 无法成功完成

Error: 不支持此实体类型。
STEP-in 无法成功完成

Error: 不支持此实体类型。
STEP-in 无法成功完成

Error: 不支持此实体类型。
STEP-in 无法成功完成

Error: 不支持此实体类型。
STEP-in 无法成功完成

Error: 不支持此实体类型。
STEP-in 无法成功完成

Error: 不支持此实体类型。
STEP-in 无法成功完成

Error: 不支持此实体类型。
STEP-in 无法成功完成

Error: 不支持此实体类型。
STEP-in 无法成功完成

Error: 不支持此实体类型。
STEP-in 无法成功完成

Error: 不支持此实体类型。
STEP-in 无法成功完成

Error: 不支持此实体类型。
STEP-in 无法成功完成

Error: 不支持此实体类型。
STEP-in 无法成功完成

Error: 不支持此实体类型。
STEP-in 无法成功完成

Error: 不支持此实体类型。
STEP-in 无法成功完成

Error: 不支持此实体类型。
STEP-in 无法成功完成

Error: 不支持此实体类型。
STEP-in 无法成功完成

Error: 不支持此实体类型。
STEP-in 无法成功完成
